{"/home/vaibhav/CDK_project/lambda/create-post.ts": {"path":"/home/vaibhav/CDK_project/lambda/create-post.ts","statementMap":{"0":{"start":{"line":2,"column":0},"end":{"line":2,"column":58}},"1":{"start":{"line":3,"column":0},"end":{"line":3,"column":75}},"2":{"start":{"line":4,"column":0},"end":{"line":4,"column":36}},"3":{"start":{"line":7,"column":15},"end":{"line":10,"column":2}},"4":{"start":{"line":11,"column":18},"end":{"line":15,"column":2}},"5":{"start":{"line":24,"column":27},"end":{"line":24,"column":29}},"6":{"start":{"line":26,"column":2},"end":{"line":30,"column":3}},"7":{"start":{"line":27,"column":4},"end":{"line":27,"column":68}},"8":{"start":{"line":28,"column":9},"end":{"line":30,"column":3}},"9":{"start":{"line":29,"column":4},"end":{"line":29,"column":58}},"10":{"start":{"line":32,"column":2},"end":{"line":36,"column":3}},"11":{"start":{"line":33,"column":4},"end":{"line":33,"column":70}},"12":{"start":{"line":34,"column":9},"end":{"line":36,"column":3}},"13":{"start":{"line":35,"column":4},"end":{"line":35,"column":63}},"14":{"start":{"line":38,"column":2},"end":{"line":40,"column":3}},"15":{"start":{"line":39,"column":4},"end":{"line":39,"column":64}},"16":{"start":{"line":42,"column":2},"end":{"line":45,"column":4}},"17":{"start":{"line":49,"column":2},"end":{"line":49,"column":43}},"18":{"start":{"line":52,"column":47},"end":{"line":144,"column":1}},"19":{"start":{"line":53,"column":2},"end":{"line":143,"column":3}},"20":{"start":{"line":56,"column":4},"end":{"line":69,"column":5}},"21":{"start":{"line":57,"column":6},"end":{"line":57,"column":44}},"22":{"start":{"line":59,"column":6},"end":{"line":68,"column":8}},"23":{"start":{"line":72,"column":23},"end":{"line":72,"column":45}},"24":{"start":{"line":73,"column":4},"end":{"line":85,"column":5}},"25":{"start":{"line":74,"column":6},"end":{"line":84,"column":8}},"26":{"start":{"line":87,"column":19},"end":{"line":87,"column":27}},"27":{"start":{"line":88,"column":22},"end":{"line":88,"column":46}},"28":{"start":{"line":90,"column":17},"end":{"line":97,"column":6}},"29":{"start":{"line":99,"column":4},"end":{"line":104,"column":8}},"30":{"start":{"line":106,"column":4},"end":{"line":113,"column":6}},"31":{"start":{"line":115,"column":4},"end":{"line":115,"column":49}},"32":{"start":{"line":116,"column":25},"end":{"line":116,"column":81}},"33":{"start":{"line":119,"column":4},"end":{"line":130,"column":5}},"34":{"start":{"line":120,"column":6},"end":{"line":129,"column":8}},"35":{"start":{"line":132,"column":4},"end":{"line":142,"column":6}},"36":{"start":{"line":52,"column":13},"end":{"line":52,"column":47}}},"fnMap":{"0":{"name":"validatePostData","decl":{"start":{"line":23,"column":9},"end":{"line":23,"column":25}},"loc":{"start":{"line":23,"column":35},"end":{"line":46,"column":1}}},"1":{"name":"sanitizeInput","decl":{"start":{"line":48,"column":9},"end":{"line":48,"column":22}},"loc":{"start":{"line":48,"column":36},"end":{"line":50,"column":1}}},"2":{"name":"(anonymous_2)","decl":{"start":{"line":52,"column":47},"end":{"line":52,"column":52}},"loc":{"start":{"line":52,"column":95},"end":{"line":144,"column":1}}}},"branchMap":{"0":{"loc":{"start":{"line":26,"column":2},"end":{"line":30,"column":3}},"type":"if","locations":[{"start":{"line":26,"column":2},"end":{"line":30,"column":3}},{"start":{"line":28,"column":9},"end":{"line":30,"column":3}}]},"1":{"loc":{"start":{"line":26,"column":6},"end":{"line":26,"column":85}},"type":"binary-expr","locations":[{"start":{"line":26,"column":6},"end":{"line":26,"column":17}},{"start":{"line":26,"column":21},"end":{"line":26,"column":51}},{"start":{"line":26,"column":55},"end":{"line":26,"column":85}}]},"2":{"loc":{"start":{"line":28,"column":9},"end":{"line":30,"column":3}},"type":"if","locations":[{"start":{"line":28,"column":9},"end":{"line":30,"column":3}}]},"3":{"loc":{"start":{"line":32,"column":2},"end":{"line":36,"column":3}},"type":"if","locations":[{"start":{"line":32,"column":2},"end":{"line":36,"column":3}},{"start":{"line":34,"column":9},"end":{"line":36,"column":3}}]},"4":{"loc":{"start":{"line":32,"column":6},"end":{"line":32,"column":91}},"type":"binary-expr","locations":[{"start":{"line":32,"column":6},"end":{"line":32,"column":19}},{"start":{"line":32,"column":23},"end":{"line":32,"column":55}},{"start":{"line":32,"column":59},"end":{"line":32,"column":91}}]},"5":{"loc":{"start":{"line":34,"column":9},"end":{"line":36,"column":3}},"type":"if","locations":[{"start":{"line":34,"column":9},"end":{"line":36,"column":3}}]},"6":{"loc":{"start":{"line":38,"column":2},"end":{"line":40,"column":3}},"type":"if","locations":[{"start":{"line":38,"column":2},"end":{"line":40,"column":3}}]},"7":{"loc":{"start":{"line":38,"column":6},"end":{"line":38,"column":66}},"type":"binary-expr","locations":[{"start":{"line":38,"column":6},"end":{"line":38,"column":17}},{"start":{"line":38,"column":21},"end":{"line":38,"column":66}}]},"8":{"loc":{"start":{"line":57,"column":24},"end":{"line":57,"column":42}},"type":"binary-expr","locations":[{"start":{"line":57,"column":24},"end":{"line":57,"column":34}},{"start":{"line":57,"column":38},"end":{"line":57,"column":42}}]},"9":{"loc":{"start":{"line":73,"column":4},"end":{"line":85,"column":5}},"type":"if","locations":[{"start":{"line":73,"column":4},"end":{"line":85,"column":5}}]},"10":{"loc":{"start":{"line":95,"column":14},"end":{"line":95,"column":36}},"type":"binary-expr","locations":[{"start":{"line":95,"column":14},"end":{"line":95,"column":25}},{"start":{"line":95,"column":29},"end":{"line":95,"column":36}}]},"11":{"loc":{"start":{"line":116,"column":25},"end":{"line":116,"column":81}},"type":"cond-expr","locations":[{"start":{"line":116,"column":50},"end":{"line":116,"column":63}},{"start":{"line":116,"column":66},"end":{"line":116,"column":81}}]},"12":{"loc":{"start":{"line":119,"column":4},"end":{"line":130,"column":5}},"type":"if","locations":[{"start":{"line":119,"column":4},"end":{"line":130,"column":5}}]},"13":{"loc":{"start":{"line":119,"column":8},"end":{"line":119,"column":82}},"type":"binary-expr","locations":[{"start":{"line":119,"column":8},"end":{"line":119,"column":30}},{"start":{"line":119,"column":34},"end":{"line":119,"column":82}}]},"14":{"loc":{"start":{"line":140,"column":17},"end":{"line":140,"column":82}},"type":"cond-expr","locations":[{"start":{"line":140,"column":58},"end":{"line":140,"column":70}},{"start":{"line":140,"column":73},"end":{"line":140,"column":82}}]}},"s":{"0":1,"1":1,"2":1,"3":1,"4":1,"5":0,"6":0,"7":0,"8":0,"9":0,"10":0,"11":0,"12":0,"13":0,"14":0,"15":0,"16":0,"17":0,"18":1,"19":0,"20":0,"21":0,"22":0,"23":0,"24":0,"25":0,"26":0,"27":0,"28":0,"29":0,"30":0,"31":0,"32":0,"33":0,"34":0,"35":0,"36":1},"f":{"0":0,"1":0,"2":0},"b":{"0":[0,0],"1":[0,0,0],"2":[0],"3":[0,0],"4":[0,0,0],"5":[0],"6":[0],"7":[0,0],"8":[0,0],"9":[0],"10":[0,0],"11":[0,0],"12":[0],"13":[0,0],"14":[0,0]}}
,"/home/vaibhav/CDK_project/lambda/get-posts.ts": {"path":"/home/vaibhav/CDK_project/lambda/get-posts.ts","statementMap":{"0":{"start":{"line":2,"column":0},"end":{"line":2,"column":58}},"1":{"start":{"line":3,"column":0},"end":{"line":3,"column":77}},"2":{"start":{"line":6,"column":15},"end":{"line":9,"column":2}},"3":{"start":{"line":10,"column":18},"end":{"line":14,"column":2}},"4":{"start":{"line":16,"column":47},"end":{"line":58,"column":1}},"5":{"start":{"line":17,"column":2},"end":{"line":57,"column":3}},"6":{"start":{"line":19,"column":19},"end":{"line":31,"column":7}},"7":{"start":{"line":33,"column":4},"end":{"line":41,"column":6}},"8":{"start":{"line":43,"column":4},"end":{"line":43,"column":50}},"9":{"start":{"line":44,"column":25},"end":{"line":44,"column":81}},"10":{"start":{"line":46,"column":4},"end":{"line":56,"column":6}},"11":{"start":{"line":16,"column":13},"end":{"line":16,"column":47}}},"fnMap":{"0":{"name":"(anonymous_0)","decl":{"start":{"line":16,"column":47},"end":{"line":16,"column":52}},"loc":{"start":{"line":16,"column":95},"end":{"line":58,"column":1}}}},"branchMap":{"0":{"loc":{"start":{"line":40,"column":27},"end":{"line":40,"column":45}},"type":"binary-expr","locations":[{"start":{"line":40,"column":27},"end":{"line":40,"column":39}},{"start":{"line":40,"column":43},"end":{"line":40,"column":45}}]},"1":{"loc":{"start":{"line":44,"column":25},"end":{"line":44,"column":81}},"type":"cond-expr","locations":[{"start":{"line":44,"column":50},"end":{"line":44,"column":63}},{"start":{"line":44,"column":66},"end":{"line":44,"column":81}}]},"2":{"loc":{"start":{"line":54,"column":17},"end":{"line":54,"column":82}},"type":"cond-expr","locations":[{"start":{"line":54,"column":58},"end":{"line":54,"column":70}},{"start":{"line":54,"column":73},"end":{"line":54,"column":82}}]}},"s":{"0":1,"1":1,"2":1,"3":1,"4":1,"5":0,"6":0,"7":0,"8":0,"9":0,"10":0,"11":1},"f":{"0":0},"b":{"0":[0,0],"1":[0,0],"2":[0,0]}}
,"/home/vaibhav/CDK_project/lib/api-stack.ts": {"path":"/home/vaibhav/CDK_project/lib/api-stack.ts","statementMap":{"0":{"start":{"line":1,"column":0},"end":{"line":1,"column":35}},"1":{"start":{"line":2,"column":0},"end":{"line":2,"column":49}},"2":{"start":{"line":3,"column":0},"end":{"line":3,"column":57}},"3":{"start":{"line":5,"column":0},"end":{"line":5,"column":43}},"4":{"start":{"line":6,"column":0},"end":{"line":6,"column":45}},"5":{"start":{"line":17,"column":4},"end":{"line":17,"column":28}},"6":{"start":{"line":20,"column":23},"end":{"line":25,"column":6}},"7":{"start":{"line":28,"column":4},"end":{"line":28,"column":52}},"8":{"start":{"line":31,"column":29},"end":{"line":35,"column":6}},"9":{"start":{"line":37,"column":31},"end":{"line":41,"column":6}},"10":{"start":{"line":44,"column":21},"end":{"line":57,"column":6}},"11":{"start":{"line":59,"column":23},"end":{"line":72,"column":6}},"12":{"start":{"line":75,"column":4},"end":{"line":101,"column":7}},"13":{"start":{"line":104,"column":18},"end":{"line":104,"column":52}},"14":{"start":{"line":107,"column":4},"end":{"line":126,"column":7}},"15":{"start":{"line":129,"column":4},"end":{"line":179,"column":7}},"16":{"start":{"line":182,"column":4},"end":{"line":185,"column":7}},"17":{"start":{"line":187,"column":4},"end":{"line":190,"column":7}},"18":{"start":{"line":13,"column":0},"end":{"line":13,"column":13}}},"fnMap":{"0":{"name":"(anonymous_0)","decl":{"start":{"line":16,"column":2},"end":{"line":16,"column":14}},"loc":{"start":{"line":16,"column":64},"end":{"line":191,"column":3}}}},"branchMap":{"0":{"loc":{"start":{"line":87,"column":22},"end":{"line":89,"column":39}},"type":"cond-expr","locations":[{"start":{"line":88,"column":12},"end":{"line":88,"column":39}},{"start":{"line":89,"column":12},"end":{"line":89,"column":39}}]}},"s":{"0":1,"1":1,"2":1,"3":1,"4":1,"5":7,"6":7,"7":7,"8":7,"9":7,"10":7,"11":7,"12":7,"13":7,"14":7,"15":7,"16":7,"17":7,"18":1},"f":{"0":7},"b":{"0":[0,7]}}
,"/home/vaibhav/CDK_project/lib/database-stack.ts": {"path":"/home/vaibhav/CDK_project/lib/database-stack.ts","statementMap":{"0":{"start":{"line":1,"column":0},"end":{"line":1,"column":35}},"1":{"start":{"line":2,"column":0},"end":{"line":2,"column":53}},"2":{"start":{"line":9,"column":4},"end":{"line":9,"column":28}},"3":{"start":{"line":11,"column":4},"end":{"line":28,"column":7}},"4":{"start":{"line":30,"column":4},"end":{"line":40,"column":7}},"5":{"start":{"line":5,"column":0},"end":{"line":5,"column":13}}},"fnMap":{"0":{"name":"(anonymous_0)","decl":{"start":{"line":8,"column":2},"end":{"line":8,"column":14}},"loc":{"start":{"line":8,"column":72},"end":{"line":41,"column":3}}}},"branchMap":{},"s":{"0":1,"1":1,"2":7,"3":7,"4":7,"5":1},"f":{"0":7},"b":{}}
,"/home/vaibhav/CDK_project/lib/frontend-stack.ts": {"path":"/home/vaibhav/CDK_project/lib/frontend-stack.ts","statementMap":{"0":{"start":{"line":1,"column":0},"end":{"line":1,"column":35}},"1":{"start":{"line":2,"column":0},"end":{"line":2,"column":41}},"2":{"start":{"line":3,"column":0},"end":{"line":3,"column":57}},"3":{"start":{"line":4,"column":0},"end":{"line":4,"column":62}},"4":{"start":{"line":5,"column":0},"end":{"line":5,"column":58}},"5":{"start":{"line":6,"column":0},"end":{"line":6,"column":43}},"6":{"start":{"line":17,"column":4},"end":{"line":17,"column":28}},"7":{"start":{"line":19,"column":26},"end":{"line":25,"column":6}},"8":{"start":{"line":28,"column":32},"end":{"line":30,"column":6}},"9":{"start":{"line":32,"column":4},"end":{"line":49,"column":7}},"10":{"start":{"line":52,"column":4},"end":{"line":63,"column":6}},"11":{"start":{"line":66,"column":4},"end":{"line":76,"column":7}},"12":{"start":{"line":78,"column":4},"end":{"line":81,"column":7}},"13":{"start":{"line":83,"column":4},"end":{"line":86,"column":7}},"14":{"start":{"line":88,"column":4},"end":{"line":91,"column":7}},"15":{"start":{"line":13,"column":0},"end":{"line":13,"column":13}}},"fnMap":{"0":{"name":"(anonymous_0)","decl":{"start":{"line":16,"column":2},"end":{"line":16,"column":14}},"loc":{"start":{"line":16,"column":69},"end":{"line":92,"column":3}}}},"branchMap":{},"s":{"0":1,"1":1,"2":1,"3":1,"4":1,"5":1,"6":7,"7":7,"8":7,"9":7,"10":7,"11":7,"12":7,"13":7,"14":7,"15":1},"f":{"0":7},"b":{}}
,"/home/vaibhav/CDK_project/lib/personal-blog-stack.ts": {"path":"/home/vaibhav/CDK_project/lib/personal-blog-stack.ts","statementMap":{"0":{"start":{"line":1,"column":0},"end":{"line":1,"column":35}},"1":{"start":{"line":3,"column":0},"end":{"line":3,"column":49}},"2":{"start":{"line":4,"column":0},"end":{"line":4,"column":39}},"3":{"start":{"line":5,"column":0},"end":{"line":5,"column":49}},"4":{"start":{"line":9,"column":4},"end":{"line":9,"column":28}},"5":{"start":{"line":11,"column":26},"end":{"line":11,"column":66}},"6":{"start":{"line":12,"column":21},"end":{"line":14,"column":6}},"7":{"start":{"line":15,"column":26},"end":{"line":17,"column":6}},"8":{"start":{"line":19,"column":4},"end":{"line":19,"column":42}},"9":{"start":{"line":20,"column":4},"end":{"line":20,"column":42}},"10":{"start":{"line":7,"column":0},"end":{"line":7,"column":13}}},"fnMap":{"0":{"name":"(anonymous_0)","decl":{"start":{"line":8,"column":2},"end":{"line":8,"column":14}},"loc":{"start":{"line":8,"column":66},"end":{"line":21,"column":3}}}},"branchMap":{},"s":{"0":1,"1":1,"2":1,"3":1,"4":7,"5":7,"6":7,"7":7,"8":7,"9":7,"10":1},"f":{"0":7},"b":{}}
}
