TN:
SF:lambda/create-post.ts
FN:23,validatePostData
FN:48,sanitizeInput
FN:52,(anonymous_2)
FNF:3
FNH:0
FNDA:0,validatePostData
FNDA:0,sanitizeInput
FNDA:0,(anonymous_2)
DA:2,1
DA:3,1
DA:4,1
DA:7,1
DA:11,1
DA:24,0
DA:26,0
DA:27,0
DA:28,0
DA:29,0
DA:32,0
DA:33,0
DA:34,0
DA:35,0
DA:38,0
DA:39,0
DA:42,0
DA:49,0
DA:52,1
DA:53,0
DA:56,0
DA:57,0
DA:59,0
DA:72,0
DA:73,0
DA:74,0
DA:87,0
DA:88,0
DA:90,0
DA:99,0
DA:106,0
DA:115,0
DA:116,0
DA:119,0
DA:120,0
DA:132,0
LF:36
LH:6
BRDA:26,0,0,0
BRDA:26,0,1,0
BRDA:26,1,0,0
BRDA:26,1,1,0
BRDA:26,1,2,0
BRDA:28,2,0,0
BRDA:32,3,0,0
BRDA:32,3,1,0
BRDA:32,4,0,0
BRDA:32,4,1,0
BRDA:32,4,2,0
BRDA:34,5,0,0
BRDA:38,6,0,0
BRDA:38,7,0,0
BRDA:38,7,1,0
BRDA:57,8,0,0
BRDA:57,8,1,0
BRDA:73,9,0,0
BRDA:95,10,0,0
BRDA:95,10,1,0
BRDA:116,11,0,0
BRDA:116,11,1,0
BRDA:119,12,0,0
BRDA:119,13,0,0
BRDA:119,13,1,0
BRDA:140,14,0,0
BRDA:140,14,1,0
BRF:27
BRH:0
end_of_record
TN:
SF:lambda/get-posts.ts
FN:16,(anonymous_0)
FNF:1
FNH:0
FNDA:0,(anonymous_0)
DA:2,1
DA:3,1
DA:6,1
DA:10,1
DA:16,1
DA:17,0
DA:19,0
DA:33,0
DA:43,0
DA:44,0
DA:46,0
LF:11
LH:5
BRDA:40,0,0,0
BRDA:40,0,1,0
BRDA:44,1,0,0
BRDA:44,1,1,0
BRDA:54,2,0,0
BRDA:54,2,1,0
BRF:6
BRH:0
end_of_record
TN:
SF:lib/api-stack.ts
FN:16,(anonymous_0)
FNF:1
FNH:1
FNDA:7,(anonymous_0)
DA:1,1
DA:2,1
DA:3,1
DA:5,1
DA:6,1
DA:13,1
DA:17,7
DA:20,7
DA:28,7
DA:31,7
DA:37,7
DA:44,7
DA:59,7
DA:75,7
DA:104,7
DA:107,7
DA:129,7
DA:182,7
DA:187,7
LF:19
LH:19
BRDA:87,0,0,0
BRDA:87,0,1,7
BRF:2
BRH:1
end_of_record
TN:
SF:lib/database-stack.ts
FN:8,(anonymous_0)
FNF:1
FNH:1
FNDA:7,(anonymous_0)
DA:1,1
DA:2,1
DA:5,1
DA:9,7
DA:11,7
DA:30,7
LF:6
LH:6
BRF:0
BRH:0
end_of_record
TN:
SF:lib/frontend-stack.ts
FN:16,(anonymous_0)
FNF:1
FNH:1
FNDA:7,(anonymous_0)
DA:1,1
DA:2,1
DA:3,1
DA:4,1
DA:5,1
DA:6,1
DA:13,1
DA:17,7
DA:19,7
DA:28,7
DA:32,7
DA:52,7
DA:66,7
DA:78,7
DA:83,7
DA:88,7
LF:16
LH:16
BRF:0
BRH:0
end_of_record
TN:
SF:lib/personal-blog-stack.ts
FN:8,(anonymous_0)
FNF:1
FNH:1
FNDA:7,(anonymous_0)
DA:1,1
DA:3,1
DA:4,1
DA:5,1
DA:7,1
DA:9,7
DA:11,7
DA:12,7
DA:15,7
DA:19,7
DA:20,7
LF:11
LH:11
BRF:0
BRH:0
end_of_record
